# JRE version: Java(TM) SE Runtime Environment (13.0.2+8) (build 13.0.2+8)
# Java VM: Java HotSpot(TM) 64-Bit Server VM (13.0.2+8, mixed mode, sharing, tiered, compressed oops, parallel gc, windows-amd64)
Heap:
 PSYoungGen      total 10240K, used 9792K [0x00000000eab00000, 0x00000000eb880000, 0x0000000100000000)
  eden space 7168K, 100% used [0x00000000eab00000,0x00000000eb200000,0x00000000eb200000)
  from space 3072K, 85% used [0x00000000eb580000,0x00000000eb810000,0x00000000eb880000)
  to   space 3072K, 0% used [0x00000000eb280000,0x00000000eb280000,0x00000000eb580000)
 ParOldGen       total 203264K, used 177958K [0x00000000c0000000, 0x00000000cc680000, 0x00000000eab00000)
  object space 203264K, 87% used [0x00000000c0000000,0x00000000cadc9a50,0x00000000cc680000)
 Metaspace       used 83575K, capacity 87051K, committed 87256K, reserved 1128448K
  class space    used 7581K, capacity 8905K, committed 8960K, reserved 1048576K
GC Heap History (20 events):
Event: 8219.870 GC heap before
{Heap before GC invocations=31369 (full 926):
 PSYoungGen      total 5120K, used 4832K [0x00000000eab00000, 0x00000000eb380000, 0x0000000100000000)
  eden space 4096K, 100% used [0x00000000eab00000,0x00000000eaf00000,0x00000000eaf00000)
  from space 1024K, 71% used [0x00000000eb280000,0x00000000eb338000,0x00000000eb380000)
  to   space 1024K, 0% used [0x00000000eb180000,0x00000000eb180000,0x00000000eb280000)
 ParOldGen       total 201216K, used 188067K [0x00000000c0000000, 0x00000000cc480000, 0x00000000eab00000)
  object space 201216K, 93% used [0x00000000c0000000,0x00000000cb7a8d80,0x00000000cc480000)
 Metaspace       used 83575K, capacity 87051K, committed 87256K, reserved 1128448K
  class space    used 7581K, capacity 8905K, committed 8960K, reserved 1048576K
}
Event: 8219.871 GC heap after
{Heap after GC invocations=31369 (full 926):
 PSYoungGen      total 5120K, used 1006K [0x00000000eab00000, 0x00000000eb800000, 0x0000000100000000)
  eden space 4096K, 0% used [0x00000000eab00000,0x00000000eab00000,0x00000000eaf00000)
  from space 1024K, 98% used [0x00000000eb180000,0x00000000eb27b8f0,0x00000000eb280000)
  to   space 4608K, 0% used [0x00000000eb380000,0x00000000eb380000,0x00000000eb800000)
 ParOldGen       total 201216K, used 190958K [0x00000000c0000000, 0x00000000cc480000, 0x00000000eab00000)
  object space 201216K, 94% used [0x00000000c0000000,0x00000000cba7baf0,0x00000000cc480000)
 Metaspace       used 83575K, capacity 87051K, committed 87256K, reserved 1128448K
  class space    used 7581K, capacity 8905K, committed 8960K, reserved 1048576K
}
Event: 8219.888 GC heap before
{Heap before GC invocations=31370 (full 926):
 PSYoungGen      total 5120K, used 5102K [0x00000000eab00000, 0x00000000eb800000, 0x0000000100000000)
  eden space 4096K, 100% used [0x00000000eab00000,0x00000000eaf00000,0x00000000eaf00000)
  from space 1024K, 98% used [0x00000000eb180000,0x00000000eb27b8f0,0x00000000eb280000)
  to   space 4608K, 0% used [0x00000000eb380000,0x00000000eb380000,0x00000000eb800000)
 ParOldGen       total 201216K, used 190958K [0x00000000c0000000, 0x00000000cc480000, 0x00000000eab00000)
  object space 201216K, 94% used [0x00000000c0000000,0x00000000cba7baf0,0x00000000cc480000)
 Metaspace       used 83575K, capacity 87051K, committed 87256K, reserved 1128448K
  class space    used 7581K, capacity 8905K, committed 8960K, reserved 1048576K
}
Event: 8219.891 GC heap after
{Heap after GC invocations=31370 (full 926):
 PSYoungGen      total 8704K, used 4160K [0x00000000eab00000, 0x00000000eb800000, 0x0000000100000000)
  eden space 4096K, 0% used [0x00000000eab00000,0x00000000eab00000,0x00000000eaf00000)
  from space 4608K, 90% used [0x00000000eb380000,0x00000000eb790000,0x00000000eb800000)
  to   space 4608K, 0% used [0x00000000eaf00000,0x00000000eaf00000,0x00000000eb380000)
 ParOldGen       total 201216K, used 191996K [0x00000000c0000000, 0x00000000cc480000, 0x00000000eab00000)
  object space 201216K, 95% used [0x00000000c0000000,0x00000000cbb7f200,0x00000000cc480000)
 Metaspace       used 83575K, capacity 87051K, committed 87256K, reserved 1128448K
  class space    used 7581K, capacity 8905K, committed 8960K, reserved 1048576K
}
Event: 8219.899 GC heap before
{Heap before GC invocations=31371 (full 926):
 PSYoungGen      total 8704K, used 8256K [0x00000000eab00000, 0x00000000eb800000, 0x0000000100000000)
  eden space 4096K, 100% used [0x00000000eab00000,0x00000000eaf00000,0x00000000eaf00000)
  from space 4608K, 90% used [0x00000000eb380000,0x00000000eb790000,0x00000000eb800000)
  to   space 4608K, 0% used [0x00000000eaf00000,0x00000000eaf00000,0x00000000eb380000)
 ParOldGen       total 201216K, used 191996K [0x00000000c0000000, 0x00000000cc480000, 0x00000000eab00000)
  object space 201216K, 95% used [0x00000000c0000000,0x00000000cbb7f200,0x00000000cc480000)
 Metaspace       used 83575K, capacity 87051K, committed 87256K, reserved 1128448K
  class space    used 7581K, capacity 8905K, committed 8960K, reserved 1048576K
}
Event: 8219.903 GC heap after
{Heap after GC invocations=31371 (full 926):
 PSYoungGen      total 5632K, used 1504K [0x00000000eab00000, 0x00000000eb500000, 0x0000000100000000)
  eden space 4096K, 0% used [0x00000000eab00000,0x00000000eab00000,0x00000000eaf00000)
  from space 1536K, 97% used [0x00000000eaf00000,0x00000000eb078000,0x00000000eb080000)
  to   space 2560K, 0% used [0x00000000eb280000,0x00000000eb280000,0x00000000eb500000)
 ParOldGen       total 201216K, used 196140K [0x00000000c0000000, 0x00000000cc480000, 0x00000000eab00000)
  object space 201216K, 97% used [0x00000000c0000000,0x00000000cbf8b200,0x00000000cc480000)
 Metaspace       used 83575K, capacity 87051K, committed 87256K, reserved 1128448K
  class space    used 7581K, capacity 8905K, committed 8960K, reserved 1048576K
}
Event: 8219.911 GC heap before
{Heap before GC invocations=31372 (full 926):
 PSYoungGen      total 5632K, used 5600K [0x00000000eab00000, 0x00000000eb500000, 0x0000000100000000)
  eden space 4096K, 100% used [0x00000000eab00000,0x00000000eaf00000,0x00000000eaf00000)
  from space 1536K, 97% used [0x00000000eaf00000,0x00000000eb078000,0x00000000eb080000)
  to   space 2560K, 0% used [0x00000000eb280000,0x00000000eb280000,0x00000000eb500000)
 ParOldGen       total 201216K, used 196140K [0x00000000c0000000, 0x00000000cc480000, 0x00000000eab00000)
  object space 201216K, 97% used [0x00000000c0000000,0x00000000cbf8b200,0x00000000cc480000)
 Metaspace       used 83575K, capacity 87051K, committed 87256K, reserved 1128448K
  class space    used 7581K, capacity 8905K, committed 8960K, reserved 1048576K
}
Event: 8219.913 GC heap after
{Heap after GC invocations=31372 (full 926):
 PSYoungGen      total 7168K, used 1820K [0x00000000eab00000, 0x00000000eb480000, 0x0000000100000000)
  eden space 5120K, 0% used [0x00000000eab00000,0x00000000eab00000,0x00000000eb000000)
  from space 2048K, 88% used [0x00000000eb280000,0x00000000eb4471e0,0x00000000eb480000)
  to   space 2048K, 0% used [0x00000000eb080000,0x00000000eb080000,0x00000000eb280000)
 ParOldGen       total 201216K, used 197558K [0x00000000c0000000, 0x00000000cc480000, 0x00000000eab00000)
  object space 201216K, 98% used [0x00000000c0000000,0x00000000cc0edb20,0x00000000cc480000)
 Metaspace       used 83575K, capacity 87051K, committed 87256K, reserved 1128448K
  class space    used 7581K, capacity 8905K, committed 8960K, reserved 1048576K
}
Event: 8219.934 GC heap before
{Heap before GC invocations=31373 (full 926):
 PSYoungGen      total 7168K, used 6940K [0x00000000eab00000, 0x00000000eb480000, 0x0000000100000000)
  eden space 5120K, 100% used [0x00000000eab00000,0x00000000eb000000,0x00000000eb000000)
  from space 2048K, 88% used [0x00000000eb280000,0x00000000eb4471e0,0x00000000eb480000)
  to   space 2048K, 0% used [0x00000000eb080000,0x00000000eb080000,0x00000000eb280000)
 ParOldGen       total 201216K, used 197558K [0x00000000c0000000, 0x00000000cc480000, 0x00000000eab00000)
  object space 201216K, 98% used [0x00000000c0000000,0x00000000cc0edb20,0x00000000cc480000)
 Metaspace       used 83575K, capacity 87051K, committed 87256K, reserved 1128448K
  class space    used 7581K, capacity 8905K, committed 8960K, reserved 1048576K
}
Event: 8219.936 GC heap after
{Heap after GC invocations=31373 (full 926):
 PSYoungGen      total 7680K, used 2048K [0x00000000eab00000, 0x00000000ec100000, 0x0000000100000000)
  eden space 5632K, 0% used [0x00000000eab00000,0x00000000eab00000,0x00000000eb080000)
  from space 2048K, 100% used [0x00000000eb080000,0x00000000eb280000,0x00000000eb280000)
  to   space 8192K, 0% used [0x00000000eb900000,0x00000000eb900000,0x00000000ec100000)
 ParOldGen       total 203776K, used 202408K [0x00000000c0000000, 0x00000000cc700000, 0x00000000eab00000)
  object space 203776K, 99% used [0x00000000c0000000,0x00000000cc5aa180,0x00000000cc700000)
 Metaspace       used 83575K, capacity 87051K, committed 87256K, reserved 1128448K
  class space    used 7581K, capacity 8905K, committed 8960K, reserved 1048576K
}
Event: 8219.936 GC heap before
{Heap before GC invocations=31374 (full 927):
 PSYoungGen      total 7680K, used 2048K [0x00000000eab00000, 0x00000000ec100000, 0x0000000100000000)
  eden space 5632K, 0% used [0x00000000eab00000,0x00000000eab00000,0x00000000eb080000)
  from space 2048K, 100% used [0x00000000eb080000,0x00000000eb280000,0x00000000eb280000)
  to   space 8192K, 0% used [0x00000000eb900000,0x00000000eb900000,0x00000000ec100000)
 ParOldGen       total 203776K, used 202408K [0x00000000c0000000, 0x00000000cc700000, 0x00000000eab00000)
  object space 203776K, 99% used [0x00000000c0000000,0x00000000cc5aa180,0x00000000cc700000)
 Metaspace       used 83575K, capacity 87051K, committed 87256K, reserved 1128448K
  class space    used 7581K, capacity 8905K, committed 8960K, reserved 1048576K
}
Event: 8220.029 GC heap after
{Heap after GC invocations=31374 (full 927):
 PSYoungGen      total 14336K, used 0K [0x00000000eab00000, 0x00000000ec180000, 0x0000000100000000)
  eden space 6144K, 0% used [0x00000000eab00000,0x00000000eab00000,0x00000000eb100000)
  from space 8192K, 0% used [0x00000000eb900000,0x00000000eb900000,0x00000000ec100000)
  to   space 8192K, 0% used [0x00000000eb100000,0x00000000eb100000,0x00000000eb900000)
 ParOldGen       total 203264K, used 172341K [0x00000000c0000000, 0x00000000cc680000, 0x00000000eab00000)
  object space 203264K, 84% used [0x00000000c0000000,0x00000000ca84d480,0x00000000cc680000)
 Metaspace       used 83575K, capacity 87051K, committed 87256K, reserved 1128448K
  class space    used 7581K, capacity 8905K, committed 8960K, reserved 1048576K
}
Event: 8220.041 GC heap before
{Heap before GC invocations=31375 (full 927):
 PSYoungGen      total 14336K, used 6143K [0x00000000eab00000, 0x00000000ec180000, 0x0000000100000000)
  eden space 6144K, 99% used [0x00000000eab00000,0x00000000eb0fffe8,0x00000000eb100000)
  from space 8192K, 0% used [0x00000000eb900000,0x00000000eb900000,0x00000000ec100000)
  to   space 8192K, 0% used [0x00000000eb100000,0x00000000eb100000,0x00000000eb900000)
 ParOldGen       total 203264K, used 172341K [0x00000000c0000000, 0x00000000cc680000, 0x00000000eab00000)
  object space 203264K, 84% used [0x00000000c0000000,0x00000000ca84d480,0x00000000cc680000)
 Metaspace       used 83575K, capacity 87051K, committed 87256K, reserved 1128448K
  class space    used 7581K, capacity 8905K, committed 8960K, reserved 1048576K
}
Event: 8220.043 GC heap after
{Heap after GC invocations=31375 (full 927):
 PSYoungGen      total 8704K, used 2336K [0x00000000eab00000, 0x00000000eba00000, 0x0000000100000000)
  eden space 6144K, 0% used [0x00000000eab00000,0x00000000eab00000,0x00000000eb100000)
  from space 2560K, 91% used [0x00000000eb100000,0x00000000eb348000,0x00000000eb380000)
  to   space 4096K, 0% used [0x00000000eb600000,0x00000000eb600000,0x00000000eba00000)
 ParOldGen       total 203264K, used 172341K [0x00000000c0000000, 0x00000000cc680000, 0x00000000eab00000)
  object space 203264K, 84% used [0x00000000c0000000,0x00000000ca84d480,0x00000000cc680000)
 Metaspace       used 83575K, capacity 87051K, committed 87256K, reserved 1128448K
  class space    used 7581K, capacity 8905K, committed 8960K, reserved 1048576K
}
Event: 8220.831 GC heap before
{Heap before GC invocations=31376 (full 927):
 PSYoungGen      total 8704K, used 8479K [0x00000000eab00000, 0x00000000eba00000, 0x0000000100000000)
  eden space 6144K, 99% used [0x00000000eab00000,0x00000000eb0ffff0,0x00000000eb100000)
  from space 2560K, 91% used [0x00000000eb100000,0x00000000eb348000,0x00000000eb380000)
  to   space 4096K, 0% used [0x00000000eb600000,0x00000000eb600000,0x00000000eba00000)
 ParOldGen       total 203264K, used 172341K [0x00000000c0000000, 0x00000000cc680000, 0x00000000eab00000)
  object space 203264K, 84% used [0x00000000c0000000,0x00000000ca84d480,0x00000000cc680000)
 Metaspace       used 83575K, capacity 87051K, committed 87256K, reserved 1128448K
  class space    used 7581K, capacity 8905K, committed 8960K, reserved 1048576K
}
Event: 8220.833 GC heap after
{Heap after GC invocations=31376 (full 927):
 PSYoungGen      total 7168K, used 576K [0x00000000eab00000, 0x00000000eb700000, 0x0000000100000000)
  eden space 6144K, 0% used [0x00000000eab00000,0x00000000eab00000,0x00000000eb100000)
  from space 1024K, 56% used [0x00000000eb600000,0x00000000eb690000,0x00000000eb700000)
  to   space 1536K, 0% used [0x00000000eb400000,0x00000000eb400000,0x00000000eb580000)
 ParOldGen       total 203264K, used 174535K [0x00000000c0000000, 0x00000000cc680000, 0x00000000eab00000)
  object space 203264K, 85% used [0x00000000c0000000,0x00000000caa71da0,0x00000000cc680000)
 Metaspace       used 83575K, capacity 87051K, committed 87256K, reserved 1128448K
  class space    used 7581K, capacity 8905K, committed 8960K, reserved 1048576K
}
Event: 8221.275 GC heap before
{Heap before GC invocations=31377 (full 927):
 PSYoungGen      total 7168K, used 6720K [0x00000000eab00000, 0x00000000eb700000, 0x0000000100000000)
  eden space 6144K, 100% used [0x00000000eab00000,0x00000000eb100000,0x00000000eb100000)
  from space 1024K, 56% used [0x00000000eb600000,0x00000000eb690000,0x00000000eb700000)
  to   space 1536K, 0% used [0x00000000eb400000,0x00000000eb400000,0x00000000eb580000)
 ParOldGen       total 203264K, used 174535K [0x00000000c0000000, 0x00000000cc680000, 0x00000000eab00000)
  object space 203264K, 85% used [0x00000000c0000000,0x00000000caa71da0,0x00000000cc680000)
 Metaspace       used 83575K, capacity 87051K, committed 87256K, reserved 1128448K
  class space    used 7581K, capacity 8905K, committed 8960K, reserved 1048576K
}
Event: 8221.277 GC heap after
{Heap after GC invocations=31377 (full 927):
 PSYoungGen      total 7680K, used 1525K [0x00000000eab00000, 0x00000000eba00000, 0x0000000100000000)
  eden space 6144K, 0% used [0x00000000eab00000,0x00000000eab00000,0x00000000eb100000)
  from space 1536K, 99% used [0x00000000eb400000,0x00000000eb57d690,0x00000000eb580000)
  to   space 4608K, 0% used [0x00000000eb580000,0x00000000eb580000,0x00000000eba00000)
 ParOldGen       total 203264K, used 176877K [0x00000000c0000000, 0x00000000cc680000, 0x00000000eab00000)
  object space 203264K, 87% used [0x00000000c0000000,0x00000000cacbb450,0x00000000cc680000)
 Metaspace       used 83575K, capacity 87051K, committed 87256K, reserved 1128448K
  class space    used 7581K, capacity 8905K, committed 8960K, reserved 1048576K
}
Event: 8221.291 GC heap before
{Heap before GC invocations=31378 (full 927):
 PSYoungGen      total 7680K, used 7669K [0x00000000eab00000, 0x00000000eba00000, 0x0000000100000000)
  eden space 6144K, 100% used [0x00000000eab00000,0x00000000eb100000,0x00000000eb100000)
  from space 1536K, 99% used [0x00000000eb400000,0x00000000eb57d690,0x00000000eb580000)
  to   space 4608K, 0% used [0x00000000eb580000,0x00000000eb580000,0x00000000eba00000)
 ParOldGen       total 203264K, used 176877K [0x00000000c0000000, 0x00000000cc680000, 0x00000000eab00000)
  object space 203264K, 87% used [0x00000000c0000000,0x00000000cacbb450,0x00000000cc680000)
 Metaspace       used 83575K, capacity 87051K, committed 87256K, reserved 1128448K
  class space    used 7581K, capacity 8905K, committed 8960K, reserved 1048576K
}
Event: 8221.297 GC heap after
{Heap after GC invocations=31378 (full 927):
 PSYoungGen      total 10240K, used 2624K [0x00000000eab00000, 0x00000000eb880000, 0x0000000100000000)
  eden space 7168K, 0% used [0x00000000eab00000,0x00000000eab00000,0x00000000eb200000)
  from space 3072K, 85% used [0x00000000eb580000,0x00000000eb810000,0x00000000eb880000)
  to   space 3072K, 0% used [0x00000000eb280000,0x00000000eb280000,0x00000000eb580000)
 ParOldGen       total 203264K, used 177958K [0x00000000c0000000, 0x00000000cc680000, 0x00000000eab00000)
  object space 203264K, 87% used [0x00000000c0000000,0x00000000cadc9a50,0x00000000cc680000)
 Metaspace       used 83575K, capacity 87051K, committed 87256K, reserved 1128448K
  class space    used 7581K, capacity 8905K, committed 8960K, reserved 1048576K
}

